<?xml version="1.0" encoding="UTF-8"?>
<!-- Generated by org.testng.reporters.JUnitReportReporter -->
<testsuite name="testcases.TC006_DuplicateLead" tests="2" time="47.851" ignored="0" failures="0" timestamp="14 Apr 2018 06:53:08 GMT" skipped="0" hostname="DESKTOP-52ACA39" errors="0">
  <testcase name="createLead" time="24.652" classname="testcases.TC006_DuplicateLead"/>
  <testcase name="createLead" time="23.199" classname="testcases.TC006_DuplicateLead"/>
</testsuite> <!-- testcases.TC006_DuplicateLead -->
