<?xml version="1.0" encoding="UTF-8"?>
<!-- Generated by org.testng.reporters.JUnitReportReporter -->
<testsuite name="testcases.TC005_DeleteLead" tests="2" time="50.741" ignored="0" failures="0" timestamp="14 Apr 2018 06:54:47 GMT" skipped="0" hostname="DESKTOP-52ACA39" errors="0">
  <testcase name="createLead" time="29.207" classname="testcases.TC005_DeleteLead"/>
  <testcase name="createLead" time="21.534" classname="testcases.TC005_DeleteLead"/>
</testsuite> <!-- testcases.TC005_DeleteLead -->
