<?xml version="1.0" encoding="UTF-8"?>
<!-- Generated by org.testng.reporters.JUnitReportReporter -->
<testsuite name="testcases.TC004_EditLead" tests="2" time="51.758" ignored="0" failures="0" timestamp="14 Apr 2018 06:49:56 GMT" skipped="0" hostname="DESKTOP-52ACA39" errors="0">
  <testcase name="createLead" time="25.371" classname="testcases.TC004_EditLead"/>
  <testcase name="createLead" time="26.387" classname="testcases.TC004_EditLead"/>
</testsuite> <!-- testcases.TC004_EditLead -->
